Build started 3/25/2017 8:20:45 PM.
     1>Project "c:\Users\hafizhamza\documents\visual studio 2010\Projects\Bill\Bill\Bill.vcxproj" on node 2 (build target(s)).
     1>InitializeBuildStatus:
         Creating "Debug\Bill.unsuccessfulbuild" because "AlwaysCreate" was specified.
       ClCompile:
         C:\Program Files (x86)\Microsoft Visual Studio 10.0\VC\bin\CL.exe /c /ZI /nologo /W3 /WX- /Od /Oy- /D _MBCS /Gm /EHsc /RTC1 /MDd /GS /fp:precise /Zc:wchar_t /Zc:forScope /Fo"Debug\\" /Fd"Debug\vc100.pdb" /Gd /TP /analyze- /errorReport:prompt bill.cpp
         bill.cpp
     1>c:\users\hafizhamza\documents\visual studio 2010\projects\bill\bill\bill.cpp(1): warning C4067: unexpected tokens following preprocessor directive - expected a newline
     1>c:\users\hafizhamza\documents\visual studio 2010\projects\bill\bill\bill.cpp(8): warning C4996: 'scanf': This function or variable may be unsafe. Consider using scanf_s instead. To disable deprecation, use _CRT_SECURE_NO_WARNINGS. See online help for details.
                 c:\program files (x86)\microsoft visual studio 10.0\vc\include\stdio.h(304) : see declaration of 'scanf'
     1>c:\users\hafizhamza\documents\visual studio 2010\projects\bill\bill\bill.cpp(12): warning C4244: '=' : conversion from 'double' to 'int', possible loss of data
     1>c:\users\hafizhamza\documents\visual studio 2010\projects\bill\bill\bill.cpp(18): warning C4244: '=' : conversion from 'double' to 'int', possible loss of data
     1>c:\users\hafizhamza\documents\visual studio 2010\projects\bill\bill\bill.cpp(24): warning C4244: '=' : conversion from 'double' to 'int', possible loss of data
     1>c:\users\hafizhamza\documents\visual studio 2010\projects\bill\bill\bill.cpp(27): warning C4996: 'getch': The POSIX name for this item is deprecated. Instead, use the ISO C++ conformant name: _getch. See online help for details.
                 c:\program files (x86)\microsoft visual studio 10.0\vc\include\conio.h(128) : see declaration of 'getch'
       Link:
         C:\Program Files (x86)\Microsoft Visual Studio 10.0\VC\bin\link.exe /ERRORREPORT:PROMPT /OUT:"c:\users\hafizhamza\documents\visual studio 2010\Projects\Bill\Debug\Bill.exe" /NOLOGO kernel32.lib user32.lib gdi32.lib winspool.lib comdlg32.lib advapi32.lib shell32.lib ole32.lib oleaut32.lib uuid.lib odbc32.lib odbccp32.lib /MANIFEST /ManifestFile:"Debug\Bill.exe.intermediate.manifest" /MANIFESTUAC:"level='asInvoker' uiAccess='false'" /DEBUG /PDB:"c:\users\hafizhamza\documents\visual studio 2010\Projects\Bill\Debug\Bill.pdb" /TLBID:1 /DYNAMICBASE /NXCOMPAT /IMPLIB:"c:\users\hafizhamza\documents\visual studio 2010\Projects\Bill\Debug\Bill.lib" /MACHINE:X86 Debug\bill.obj
         LINK : c:\users\hafizhamza\documents\visual studio 2010\Projects\Bill\Debug\Bill.exe not found or not built by the last incremental link; performing full link
         Bill.vcxproj -> c:\users\hafizhamza\documents\visual studio 2010\Projects\Bill\Debug\Bill.exe
       Manifest:
         C:\Program Files (x86)\Microsoft SDKs\Windows\v7.0A\bin\mt.exe /nologo /verbose /outputresource:"c:\users\hafizhamza\documents\visual studio 2010\Projects\Bill\Debug\Bill.exe;#1" /manifest Debug\Bill.exe.intermediate.manifest
       FinalizeBuildStatus:
         Deleting file "Debug\Bill.unsuccessfulbuild".
         Touching "Debug\Bill.lastbuildstate".
     1>Done Building Project "c:\Users\hafizhamza\documents\visual studio 2010\Projects\Bill\Bill\Bill.vcxproj" (build target(s)).

Build succeeded.

Time Elapsed 00:00:00.60
